[2026-04-23 17:57:05] цув Боец 1: 1 урона от Сильный боец. HP 69/70
[2026-04-23 17:57:05] цфуы Боец 2: 4 урона от Лучник. HP 21/25
[2026-04-23 17:57:05] цув Боец 6: 4 урона от Лучник. HP 21/25
[2026-04-23 17:57:05] цув Боец 2: 9 урона от Лучник. HP 9/18
[2026-04-23 17:57:07] цув Боец 1: 1 урона от Сильный боец. HP 68/70
[2026-04-23 17:57:07] цфуы Боец 2: 4 урона от Лучник. HP 17/25
[2026-04-23 17:57:07] цув Боец 5: 1 урона от Лучник. HP 69/70
[2026-04-23 17:57:07] цув Боец 1: 1 урона от Лучник. HP 67/70
[2026-04-23 17:57:08] цув Боец 1: 1 урона от Сильный боец. HP 66/70
[2026-04-23 17:57:08] цфуы Боец 5: 9 урона от Лучник. HP 9/18
[2026-04-23 17:57:08] цув Боец 1: 1 урона от Лучник. HP 65/70
[2026-04-23 17:57:08] цув Боец 5: 1 урона от Лучник. HP 69/70
[2026-04-23 17:57:24] цув Боец 1: 1 урона от Сильный боец. HP 64/70
[2026-04-23 17:57:24] цув Боец 5: 1 урона от Лучник. HP 69/70
[2026-04-23 17:57:24] цфуы Боец 2: 1 урона от Лучник. HP 24/25
[2026-04-23 17:57:24] цув Боец 2: 7 урона от Слабый боец. HP 11/18
[2026-04-23 17:57:24] цув Боец 1: 1 урона от Лучник. HP 63/70
[2026-04-23 17:57:24] цфуы Боец 3: 1 урона от Лучник. HP 59/60
[2026-04-23 17:57:24] цув Боец 1: 1 урона от Лучник. HP 62/70
[2026-04-23 17:57:24] цув Боец 4: 10 урона от Лучник. HP 5/15
[2026-04-23 17:57:25] цув Боец 1: 1 урона от Сильный боец. HP 61/70
[2026-04-23 17:57:25] цув Боец 5: 1 урона от Лучник. HP 69/70
[2026-04-23 17:57:25] цфуы Боец 2: 1 урона от Лучник. HP 23/25
[2026-04-23 17:57:25] цув Боец 2: 7 урона от Слабый боец. HP 11/18
[2026-04-23 17:57:25] цув Боец 2: 9 урона от Лучник. HP 9/18
[2026-04-23 17:57:25] цфуы Боец 3: 1 урона от Лучник. HP 58/60
[2026-04-23 17:57:25] цув Боец 2: 9 урона от Лучник. HP 0/18
[2026-04-23 17:57:25] цув Боец 2 убит Лучник
[2026-04-23 17:57:26] цув Боец 1: 1 урона от Лучник. HP 60/70
[2026-04-23 17:57:29] цув Боец 1: 1 урона от Сильный боец. HP 59/70
[2026-04-23 17:57:29] цув Боец 5: 1 урона от Лучник. HP 69/70
[2026-04-23 17:57:29] цув Боец 3: 10 урона от Лучник. HP 5/15
[2026-04-23 17:57:29] цув Боец 3: 10 урона от Лучник. HP 0/15
[2026-04-23 17:57:29] цув Боец 3 убит Лучник
[2026-04-23 17:57:29] цув Боец 5: 1 урона от Лучник. HP 68/70
[2026-04-23 17:57:44] цув Боец 1: 1 урона от Сильный боец. HP 69/70
[2026-04-23 17:57:44] цув Боец 5: 1 урона от Лучник. HP 69/70
[2026-04-23 17:57:44] цфуы Боец 2: 2 урона от Слабый боец. HP 21/25
[2026-04-23 17:57:44] цув Боец 6: 2 урона от Слабый боец. HP 23/25
[2026-04-23 17:57:44] цфуы Боец 6: 1 урона от Лекарь. HP 69/70
[2026-04-23 17:57:44] цув Боец 1: 1 урона от Лучник. HP 68/70
[2026-04-23 17:57:44] цув Боец 1: 1 урона от Лучник. HP 67/70
[2026-04-23 17:57:44] цув Боец 1: 1 урона от Лучник. HP 66/70
[2026-04-23 17:57:45] цув Боец 1: 1 урона от Сильный боец. HP 65/70
[2026-04-23 17:57:45] цув Боец 5: 1 урона от Лучник. HP 68/70
[2026-04-23 17:57:45] цфуы Боец 2: 2 урона от Слабый боец. HP 23/25
[2026-04-23 17:57:45] цув Боец 6: 2 урона от Слабый боец. HP 23/25
[2026-04-23 17:57:45] цфуы Боец 6: 1 урона от Лекарь. HP 69/70
[2026-04-23 17:57:45] цув Боец 6: 4 урона от Лучник. HP 19/25
[2026-04-23 17:57:45] цув Боец 1: 1 урона от Лучник. HP 64/70
[2026-04-23 17:57:45] цув Боец 1: 1 урона от Лучник. HP 63/70
[2026-04-23 17:57:55] цув Боец 1: 1 урона от Сильный боец. HP 69/70
[2026-04-23 17:57:55] цув Боец 5: 1 урона от Лучник. HP 67/70
[2026-04-23 17:57:55] цув Боец 6: 2 урона от Слабый боец. HP 17/25
[2026-04-23 17:57:55] цфуы Боец 2: 2 урона от Слабый боец. HP 23/25
[2026-04-23 17:57:55] цфуы Боец 6: 1 урона от Лекарь. HP 68/70
[2026-04-23 17:57:55] цув Боец 5: 1 урона от Лучник. HP 66/70
[2026-04-23 17:57:55] цув Боец 1: 1 урона от Лучник. HP 68/70
[2026-04-23 17:57:55] цув Боец 1: 1 урона от Лучник. HP 67/70
[2026-04-23 17:57:55] цув Боец 1: 1 урона от Сильный боец. HP 66/70
[2026-04-23 17:57:55] цув Боец 5: 1 урона от Лучник. HP 69/70
[2026-04-23 17:57:55] цув Боец 6: 2 урона от Слабый боец. HP 15/25
[2026-04-23 17:57:55] цфуы Боец 2: 2 урона от Слабый боец. HP 23/25
[2026-04-23 17:57:55] цфуы Боец 6: 1 урона от Лекарь. HP 67/70
[2026-04-23 17:57:55] цув Боец 1: 1 урона от Лучник. HP 65/70
[2026-04-23 17:57:55] цув Боец 1: 1 урона от Лучник. HP 64/70
[2026-04-23 17:57:55] цув Боец 5: 1 урона от Лучник. HP 68/70
[2026-04-23 17:57:56] цув Боец 1: 1 урона от Сильный боец. HP 63/70
[2026-04-23 17:57:56] цув Боец 5: 1 урона от Лучник. HP 67/70
[2026-04-23 17:57:56] цфуы Боец 2: 2 урона от Слабый боец. HP 21/25
[2026-04-23 17:57:56] цув Боец 6: 2 урона от Слабый боец. HP 23/25
[2026-04-23 17:57:56] цфуы Боец 6: 1 урона от Лекарь. HP 66/70
[2026-04-23 17:57:56] цув Боец 1: 1 урона от Лучник. HP 62/70
[2026-04-23 17:57:56] цув Боец 1: 1 урона от Лучник. HP 61/70
[2026-04-23 17:57:56] цув Боец 1: 1 урона от Лучник. HP 60/70
[2026-04-23 17:57:56] цув Боец 1: 1 урона от Сильный боец. HP 59/70
[2026-04-23 17:57:56] цув Боец 5: 1 урона от Лучник. HP 66/70
[2026-04-23 17:57:56] цув Боец 6: 2 урона от Слабый боец. HP 23/25
[2026-04-23 17:57:56] цфуы Боец 2: 2 урона от Слабый боец. HP 23/25
[2026-04-23 17:57:56] цфуы Боец 6: 1 урона от Лекарь. HP 65/70
[2026-04-23 17:57:56] цув Боец 1: 1 урона от Лучник. HP 58/70
[2026-04-23 17:57:56] цув Боец 4: 10 урона от Лучник. HP 0/15
[2026-04-23 17:57:56] цув Боец 4 убит Лучник
[2026-04-23 17:57:57] цув Боец 5: 1 урона от Лучник. HP 65/70
[2026-04-23 17:57:57] цув Боец 1: 1 урона от Сильный боец. HP 57/70
[2026-04-23 17:57:57] цув Боец 5: 1 урона от Лучник. HP 64/70
[2026-04-23 17:57:57] цув Боец 6: 2 урона от Слабый боец. HP 21/25
[2026-04-23 17:57:57] цфуы Боец 2: 2 урона от Слабый боец. HP 21/25
[2026-04-23 17:57:57] цув Боец 1: 1 урона от Лучник. HP 56/70
[2026-04-23 17:57:57] цув Боец 1: 1 урона от Лучник. HP 55/70
[2026-04-23 17:57:57] цув Боец 5: 1 урона от Лучник. HP 63/70
[2026-04-23 17:57:58] цув Боец 1: 1 урона от Сильный боец. HP 54/70
[2026-04-23 17:57:58] цув Боец 5: 1 урона от Лучник. HP 62/70
[2026-04-23 17:57:58] цув Боец 6: 2 урона от Слабый боец. HP 19/25
[2026-04-23 17:57:58] цфуы Боец 2: 2 урона от Слабый боец. HP 23/25
[2026-04-23 17:57:58] цув Боец 5: 1 урона от Лучник. HP 61/70
[2026-04-23 17:57:58] цув Боец 1: 1 урона от Лучник. HP 53/70
[2026-04-23 17:57:58] цув Боец 1: 1 урона от Лучник. HP 52/70
[2026-04-23 17:57:58] цув Боец 1: 1 урона от Сильный боец. HP 51/70
[2026-04-23 17:57:58] цув Боец 5: 1 урона от Лучник. HP 60/70
[2026-04-23 17:57:58] цув Боец 6: 2 урона от Слабый боец. HP 17/25
[2026-04-23 17:57:58] цфуы Боец 2: 2 урона от Слабый боец. HP 23/25
[2026-04-23 17:57:58] цув Боец 1: 1 урона от Лучник. HP 50/70
[2026-04-23 17:57:58] цув Боец 1: 1 урона от Лучник. HP 49/70
[2026-04-23 17:57:58] цув Боец 1: 1 урона от Лучник. HP 48/70
[2026-04-23 17:57:59] цув Боец 1: 1 урона от Сильный боец. HP 47/70
[2026-04-23 17:57:59] цув Боец 5: 1 урона от Лучник. HP 59/70
[2026-04-23 17:57:59] цув Боец 6: 2 урона от Слабый боец. HP 15/25
[2026-04-23 17:57:59] цфуы Боец 2: 2 урона от Слабый боец. HP 21/25
[2026-04-23 17:57:59] цув Боец 1: 1 урона от Лучник. HP 46/70
[2026-04-23 17:57:59] цув Боец 6: 4 урона от Лучник. HP 11/25
[2026-04-23 17:57:59] цув Боец 1: 1 урона от Лучник. HP 45/70
[2026-04-23 17:57:59] цув Боец 1: 1 урона от Сильный боец. HP 44/70
[2026-04-23 17:57:59] цув Боец 5: 1 урона от Лучник. HP 58/70
[2026-04-23 17:57:59] цув Боец 6: 2 урона от Слабый боец. HP 9/25
[2026-04-23 17:57:59] цфуы Боец 2: 2 урона от Слабый боец. HP 23/25
[2026-04-23 17:57:59] цув Боец 5: 1 урона от Лучник. HP 57/70
[2026-04-23 17:57:59] цув Боец 1: 1 урона от Лучник. HP 43/70
[2026-04-23 17:57:59] цув Боец 1: 1 урона от Лучник. HP 42/70
[2026-04-23 17:58:00] цув Боец 1: 1 урона от Сильный боец. HP 41/70
[2026-04-23 17:58:00] цув Боец 5: 1 урона от Лучник. HP 56/70
[2026-04-23 17:58:00] цув Боец 6: 2 урона от Слабый боец. HP 7/25
[2026-04-23 17:58:00] цфуы Боец 2: 2 урона от Слабый боец. HP 23/25
[2026-04-23 17:58:00] цув Боец 1: 1 урона от Лучник. HP 40/70
[2026-04-23 17:58:00] цув Боец 5: 1 урона от Лучник. HP 55/70
[2026-04-23 17:58:00] цув Боец 5: 1 урона от Лучник. HP 54/70
[2026-04-23 17:58:00] цув Боец 1: 1 урона от Сильный боец. HP 39/70
[2026-04-23 17:58:00] цув Боец 5: 1 урона от Лучник. HP 53/70
[2026-04-23 17:58:00] цфуы Боец 2: 2 урона от Слабый боец. HP 23/25
[2026-04-23 17:58:00] цув Боец 6: 2 урона от Слабый боец. HP 5/25
[2026-04-23 17:58:00] цув Боец 1: 1 урона от Лучник. HP 38/70
[2026-04-23 17:58:00] цув Боец 6: 4 урона от Лучник. HP 1/25
[2026-04-23 17:58:00] цув Боец 1: 1 урона от Лучник. HP 37/70
[2026-04-23 17:58:01] цув Боец 1: 1 урона от Сильный боец. HP 36/70
[2026-04-23 17:58:01] цув Боец 5: 1 урона от Лучник. HP 52/70
[2026-04-23 17:58:01] цфуы Боец 2: 2 урона от Слабый боец. HP 23/25
[2026-04-23 17:58:01] цув Боец 6: 2 урона от Слабый боец. HP 0/25
[2026-04-23 17:58:01] цув Боец 6 убит Слабый боец
[2026-04-23 17:58:01] цув Боец 1: 1 урона от Лучник. HP 35/70
[2026-04-23 17:58:01] цув Боец 1: 1 урона от Лучник. HP 34/70
[2026-04-23 17:58:01] цув Боец 1: 1 урона от Лучник. HP 33/70
[2026-04-23 17:58:02] цув Боец 1: 1 урона от Сильный боец. HP 32/70
[2026-04-23 17:58:02] цув Боец 5: 1 урона от Лучник. HP 51/70
[2026-04-23 17:58:02] цув Боец 5: 1 урона от Лучник. HP 50/70
[2026-04-23 17:58:02] цув Боец 1: 1 урона от Лучник. HP 31/70
[2026-04-23 17:58:02] цув Боец 5: 1 урона от Лучник. HP 49/70
[2026-04-23 17:58:02] цув Боец 1: 1 урона от Сильный боец. HP 30/70
[2026-04-23 17:58:02] цув Боец 5: 1 урона от Лучник. HP 48/70
[2026-04-23 17:58:02] цув Боец 1: 1 урона от Лучник. HP 29/70
[2026-04-23 17:58:02] цув Боец 1: 1 урона от Лучник. HP 28/70
[2026-04-23 17:58:02] цув Боец 1: 1 урона от Лучник. HP 27/70
[2026-04-23 17:58:03] цув Боец 1: 1 урона от Сильный боец. HP 26/70
[2026-04-23 17:58:03] цув Боец 5: 1 урона от Лучник. HP 47/70
[2026-04-23 17:58:03] цув Боец 1: 1 урона от Лучник. HP 25/70
[2026-04-23 17:58:03] цув Боец 1: 1 урона от Лучник. HP 24/70
[2026-04-23 17:58:03] цув Боец 5: 1 урона от Лучник. HP 46/70
[2026-04-23 17:58:03] цув Боец 1: 1 урона от Сильный боец. HP 23/70
[2026-04-23 17:58:03] цув Боец 5: 1 урона от Лучник. HP 45/70
[2026-04-23 17:58:03] цув Боец 1: 1 урона от Лучник. HP 22/70
[2026-04-23 17:58:03] цув Боец 1: 1 урона от Лучник. HP 21/70
[2026-04-23 17:58:03] цув Боец 1: 1 урона от Лучник. HP 20/70
[2026-04-23 17:58:03] цув Боец 1: 1 урона от Сильный боец. HP 19/70
[2026-04-23 17:58:03] цув Боец 5: 1 урона от Лучник. HP 44/70
[2026-04-23 17:58:03] цув Боец 5: 1 урона от Лучник. HP 43/70
[2026-04-23 17:58:03] цув Боец 5: 1 урона от Лучник. HP 42/70
[2026-04-23 17:58:03] цув Боец 1: 1 урона от Лучник. HP 18/70
[2026-04-23 17:58:04] цув Боец 1: 1 урона от Сильный боец. HP 17/70
[2026-04-23 17:58:04] цув Боец 5: 1 урона от Лучник. HP 41/70
[2026-04-23 17:58:04] цув Боец 1: 1 урона от Лучник. HP 16/70
[2026-04-23 17:58:04] цув Боец 1: 1 урона от Лучник. HP 15/70
[2026-04-23 17:58:04] цув Боец 1: 1 урона от Лучник. HP 14/70
[2026-04-23 17:58:04] цув Боец 1: 1 урона от Сильный боец. HP 13/70
[2026-04-23 17:58:04] цув Боец 5: 1 урона от Лучник. HP 40/70
[2026-04-23 17:58:04] цув Боец 1: 1 урона от Лучник. HP 12/70
[2026-04-23 17:58:04] цув Боец 5: 1 урона от Лучник. HP 39/70
[2026-04-23 17:58:04] цув Боец 1: 1 урона от Лучник. HP 11/70
[2026-04-23 17:58:05] цув Боец 1: 1 урона от Сильный боец. HP 10/70
[2026-04-23 17:58:05] цув Боец 5: 1 урона от Лучник. HP 38/70
[2026-04-23 17:58:05] цув Боец 1: 1 урона от Лучник. HP 9/70
[2026-04-23 17:58:05] цув Боец 5: 1 урона от Лучник. HP 37/70
[2026-04-23 17:58:05] цув Боец 1: 1 урона от Лучник. HP 8/70
[2026-04-23 17:58:05] цув Боец 1: 1 урона от Сильный боец. HP 7/70
[2026-04-23 17:58:05] цув Боец 5: 1 урона от Лучник. HP 36/70
[2026-04-23 17:58:05] цув Боец 1: 1 урона от Лучник. HP 6/70
[2026-04-23 17:58:05] цув Боец 5: 1 урона от Лучник. HP 35/70
[2026-04-23 17:58:05] цув Боец 1: 1 урона от Лучник. HP 5/70
[2026-04-23 17:58:06] цув Боец 1: 1 урона от Сильный боец. HP 4/70
[2026-04-23 17:58:06] цув Боец 5: 1 урона от Лучник. HP 34/70
[2026-04-23 17:58:06] цув Боец 1: 1 урона от Лучник. HP 3/70
[2026-04-23 17:58:06] цув Боец 5: 1 урона от Лучник. HP 33/70
[2026-04-23 17:58:06] цув Боец 1: 1 урона от Лучник. HP 2/70
[2026-04-23 17:58:06] цув Боец 1: 1 урона от Сильный боец. HP 1/70
[2026-04-23 17:58:06] цув Боец 5: 1 урона от Лучник. HP 32/70
[2026-04-23 17:58:06] цув Боец 5: 1 урона от Лучник. HP 31/70
[2026-04-23 17:58:06] цув Боец 5: 1 урона от Лучник. HP 30/70
[2026-04-23 17:58:06] цув Боец 1: 1 урона от Лучник. HP 0/70
[2026-04-23 17:58:06] цув Боец 1 убит Лучник
[2026-04-23 17:58:07] цув Боец 5: 1 урона от Лучник. HP 29/70
[2026-04-23 17:58:07] цув Боец 5: 1 урона от Лучник. HP 28/70
[2026-04-23 17:58:07] цув Боец 5: 1 урона от Лучник. HP 27/70
[2026-04-23 17:58:07] цув Боец 5: 1 урона от Лучник. HP 26/70
[2026-04-23 17:58:08] цув Боец 5: 1 урона от Лучник. HP 25/70
[2026-04-23 17:58:08] цув Боец 5: 1 урона от Лучник. HP 24/70
[2026-04-23 17:58:08] цув Боец 5: 1 урона от Лучник. HP 23/70
[2026-04-23 17:58:08] цув Боец 5: 1 урона от Лучник. HP 22/70
[2026-04-23 17:58:08] цув Боец 5: 1 урона от Лучник. HP 21/70
[2026-04-23 17:58:08] цув Боец 5: 1 урона от Лучник. HP 20/70
[2026-04-23 17:58:08] цув Боец 5: 1 урона от Лучник. HP 19/70
[2026-04-23 17:58:08] цув Боец 5: 1 урона от Лучник. HP 18/70
[2026-04-23 17:58:09] цув Боец 5: 1 урона от Лучник. HP 17/70
[2026-04-23 17:58:09] цув Боец 5: 1 урона от Лучник. HP 16/70
[2026-04-23 17:58:09] цув Боец 5: 1 урона от Лучник. HP 15/70
[2026-04-23 17:58:09] цув Боец 5: 1 урона от Лучник. HP 14/70
[2026-04-23 17:58:09] цув Боец 5: 1 урона от Лучник. HP 13/70
[2026-04-23 17:58:09] цув Боец 5: 1 урона от Лучник. HP 12/70
[2026-04-23 17:58:09] цув Боец 5: 1 урона от Лучник. HP 11/70
[2026-04-23 17:58:09] цув Боец 5: 1 урона от Лучник. HP 10/70
[2026-04-23 17:58:10] цув Боец 5: 1 урона от Лучник. HP 9/70
[2026-04-23 17:58:10] цув Боец 5: 1 урона от Лучник. HP 8/70
[2026-04-23 17:58:10] цув Боец 5: 1 урона от Лучник. HP 7/70
[2026-04-23 17:58:10] цув Боец 5: 1 урона от Лучник. HP 6/70
[2026-04-23 17:58:10] цув Боец 5: 1 урона от Лучник. HP 5/70
[2026-04-23 17:58:10] цув Боец 5: 1 урона от Лучник. HP 4/70
[2026-04-23 17:58:10] цув Боец 5: 1 урона от Лучник. HP 3/70
[2026-04-23 17:58:10] цув Боец 5: 1 урона от Лучник. HP 2/70
[2026-04-23 17:58:11] цув Боец 5: 1 урона от Лучник. HP 1/70
[2026-04-23 17:58:11] цув Боец 5: 1 урона от Лучник. HP 0/70
[2026-04-23 17:58:11] цув Боец 5 убит Лучник
[2026-04-23 18:28:05] Красная Армия Боец 7: 1 урона от Слабый боец. HP 69/70
[2026-04-23 18:28:05] Красная Армия Боец 2: 16 урона от Сильный боец. HP 6/22
[2026-04-23 18:28:05] Синяя Армия Боец 2: 1 урона от Маг. HP 59/60
[2026-04-23 18:28:05] Синяя Армия Боец 3: 1 урона от Маг. HP 24/25
[2026-04-23 18:28:05] Красная Армия Боец 1: 6 урона от Слабый боец. HP 16/22
[2026-04-23 18:28:05] Синяя Армия Боец 4: 1 урона от Лекарь. HP 59/60
[2026-04-23 18:28:05] Красная Армия Боец 5: 18 урона от Сильный боец. HP 0/15
[2026-04-23 18:28:05] Красная Армия Боец 5 убит Сильный боец
[2026-04-23 18:28:06] Синяя Армия Боец 5: 1 урона от Лучник. HP 24/25
[2026-04-23 18:28:06] Красная Армия Боец 6: 7 урона от Слабый боец. HP 11/18
[2026-04-23 18:28:06] Красная Армия Боец 3: 12 урона от Сильный боец. HP 13/25
[2026-04-23 18:28:06] Синяя Армия Боец 6: 1 урона от Слабый боец. HP 59/60
[2026-04-23 18:28:06] Красная Армия Боец 4: 7 урона от Слабый боец. HP 11/18
[2026-04-23 18:28:06] Синяя Армия Боец 7: 1 урона от Лучник. HP 24/25
[2026-04-23 18:28:46] Красная Армия Боец 7: 1 урона от Слабый боец. HP 68/70
[2026-04-23 18:28:46] Красная Армия Боец 2: 16 урона от Сильный боец. HP 0/22
[2026-04-23 18:28:46] Красная Армия Боец 2 убит Сильный боец
[2026-04-23 18:28:46] Синяя Армия Боец 2: 1 урона от Лучник. HP 58/60
[2026-04-23 18:28:46] Синяя Армия Боец 3: 1 урона от Маг. HP 23/25
[2026-04-23 18:28:46] Красная Армия Боец 1: 6 урона от Слабый боец. HP 10/22
[2026-04-23 18:28:46] Синяя Армия Боец 2: 1 урона от Лучник. HP 57/60
[2026-04-23 18:28:46] Синяя Армия Боец 1: 4 урона от Лучник. HP 21/25
[2026-04-23 18:28:46] Синяя Армия Боец 4: 1 урона от Лучник. HP 58/60
[2026-04-23 18:28:46] Синяя Армия Боец 5: 4 урона от Лучник. HP 20/25
[2026-04-23 18:28:46] Синяя Армия Боец 6: 1 урона от Лучник. HP 58/60
[2026-04-23 18:28:46] Синяя Армия Боец 2: 1 урона от Лучник. HP 56/60
[2026-04-23 18:28:57] Красная Армия Боец 7: 1 урона от Слабый боец. HP 67/70
[2026-04-23 18:28:57] Красная Армия Боец 6: 17 урона от Сильный боец. HP 0/18
[2026-04-23 18:28:57] Красная Армия Боец 6 убит Сильный боец
[2026-04-23 18:28:57] Синяя Армия Боец 2: 1 урона от Слабый боец. HP 55/60
[2026-04-23 18:28:57] Синяя Армия Боец 3: 1 урона от Маг. HP 22/25
[2026-04-23 18:28:57] Красная Армия Боец 1: 6 урона от Слабый боец. HP 4/22
[2026-04-23 18:28:57] Синяя Армия Боец 1: 4 урона от Лучник. HP 17/25
[2026-04-23 18:28:57] Синяя Армия Боец 4: 1 урона от Лучник. HP 57/60
[2026-04-23 18:28:57] Синяя Армия Боец 1: 4 урона от Лучник. HP 13/25
[2026-04-23 18:28:57] Синяя Армия Боец 1: 4 урона от Лучник. HP 9/25
[2026-04-23 18:28:57] Синяя Армия Боец 4: 1 урона от Лучник. HP 56/60
[2026-04-23 18:28:57] Синяя Армия Боец 7: 4 урона от Лучник. HP 20/25
[2026-04-23 18:37:03] ол Боец 1: 2 урона от Слабый боец. HP 23/25
[2026-04-23 18:37:03] ло Боец 1: 2 урона от Слабый боец. HP 23/25
[2026-04-23 18:37:03] ол Боец 1: 4 урона от Лучник. HP 19/25
[2026-04-23 18:37:03] ол Боец 1: 4 урона от Лучник. HP 15/25
[2026-04-23 18:38:08] ол Боец 1: 2 урона от Слабый боец. HP 13/25
[2026-04-23 18:38:08] ло Боец 1: 2 урона от Слабый боец. HP 21/25
[2026-04-23 18:38:08] ло Боец 2: 7 урона от Слабый боец. HP 11/18
[2026-04-23 18:38:08] ол Боец 2: 1 урона от Лучник. HP 24/25
[2026-04-23 18:38:08] ол Боец 3: 2 урона от Слабый боец. HP 23/25
[2026-04-23 18:38:08] ло Боец 3: 2 урона от Слабый боец. HP 23/25
[2026-04-23 18:38:08] ол Боец 4: 4 урона от Лучник. HP 21/25
[2026-04-23 18:38:08] ол Боец 1: 4 урона от Лучник. HP 9/25
[2026-04-23 18:38:08] ол Боец 3: 4 урона от Лучник. HP 19/25
[2026-04-23 18:38:09] ол Боец 1: 2 урона от Слабый боец. HP 7/25
[2026-04-23 18:38:09] ло Боец 1: 2 урона от Слабый боец. HP 19/25
[2026-04-23 18:38:09] ло Боец 2: 7 урона от Слабый боец. HP 4/18
[2026-04-23 18:38:09] ол Боец 2: 1 урона от Лучник. HP 23/25
[2026-04-23 18:38:09] ол Боец 3: 2 урона от Слабый боец. HP 17/25
[2026-04-23 18:38:09] ло Боец 3: 2 урона от Слабый боец. HP 21/25
[2026-04-23 18:38:09] ол Боец 1: 4 урона от Лучник. HP 3/25
[2026-04-23 18:38:09] ол Боец 3: 4 урона от Лучник. HP 13/25
[2026-04-23 18:38:09] ол Боец 2: 4 урона от Лучник. HP 19/25
[2026-04-23 18:38:26] ло Боец 1: 2 урона от Слабый боец. HP 17/25
[2026-04-23 18:38:26] ол Боец 1: 2 урона от Слабый боец. HP 1/25
[2026-04-23 18:38:26] ол Боец 2: 1 урона от Лучник. HP 18/25
[2026-04-23 18:38:26] ло Боец 2: 7 урона от Слабый боец. HP 0/18
[2026-04-23 18:38:26] ло Боец 2 убит Слабый боец
[2026-04-23 18:38:26] ол Боец 3: 2 урона от Слабый боец. HP 11/25
[2026-04-23 18:38:26] ло Боец 3: 2 урона от Слабый боец. HP 19/25
[2026-04-23 18:38:26] ло Боец 4: 7 урона от Слабый боец. HP 11/18
[2026-04-23 18:38:26] ол Боец 4: 1 урона от Лучник. HP 20/25
[2026-04-23 18:38:26] ло Боец 5: 2 урона от Слабый боец. HP 23/25
[2026-04-23 18:38:26] ол Боец 5: 2 урона от Слабый боец. HP 23/25
[2026-04-23 18:38:26] ол Боец 2: 4 урона от Лучник. HP 14/25
[2026-04-23 18:38:27] ол Боец 1: 2 урона от Слабый боец. HP 0/25
[2026-04-23 18:38:27] ол Боец 1 убит Слабый боец
[2026-04-23 18:38:27] ло Боец 3: 2 урона от Слабый боец. HP 17/25
[2026-04-23 18:38:27] ол Боец 2: 2 урона от Слабый боец. HP 12/25
[2026-04-23 18:38:27] ло Боец 4: 7 урона от Слабый боец. HP 4/18
[2026-04-23 18:38:27] ол Боец 3: 1 урона от Лучник. HP 10/25
[2026-04-23 18:38:27] ло Боец 5: 2 урона от Слабый боец. HP 21/25
[2026-04-23 18:38:27] ол Боец 4: 2 урона от Слабый боец. HP 18/25
[2026-04-23 18:38:28] ол Боец 2: 2 урона от Слабый боец. HP 10/25
[2026-04-23 18:38:28] ло Боец 1: 2 урона от Слабый боец. HP 15/25
[2026-04-23 18:38:28] ло Боец 3: 2 урона от Слабый боец. HP 15/25
[2026-04-23 18:38:28] ол Боец 3: 2 урона от Слабый боец. HP 8/25
[2026-04-23 18:38:28] ол Боец 4: 1 урона от Лучник. HP 17/25
[2026-04-23 18:38:28] ло Боец 4: 7 урона от Слабый боец. HP 0/18
[2026-04-23 18:38:28] ло Боец 4 убит Слабый боец
[2026-04-23 18:38:28] ол Боец 5: 2 урона от Слабый боец. HP 21/25
[2026-04-23 18:38:28] ло Боец 5: 2 урона от Слабый боец. HP 19/25
[2026-04-23 18:38:28] ол Боец 2: 2 урона от Слабый боец. HP 8/25
[2026-04-23 18:38:28] ло Боец 1: 2 урона от Слабый боец. HP 13/25
[2026-04-23 18:38:28] ол Боец 3: 2 урона от Слабый боец. HP 6/25
[2026-04-23 18:38:28] ло Боец 3: 2 урона от Слабый боец. HP 13/25
[2026-04-23 18:38:28] ол Боец 4: 2 урона от Слабый боец. HP 15/25
[2026-04-23 18:38:28] ло Боец 5: 2 урона от Слабый боец. HP 17/25
[2026-04-23 18:38:29] ол Боец 2: 2 урона от Слабый боец. HP 6/25
[2026-04-23 18:38:29] ло Боец 1: 2 урона от Слабый боец. HP 11/25
[2026-04-23 18:38:29] ло Боец 3: 2 урона от Слабый боец. HP 11/25
[2026-04-23 18:38:29] ол Боец 3: 2 урона от Слабый боец. HP 4/25
[2026-04-23 18:38:29] ло Боец 5: 2 урона от Слабый боец. HP 15/25
[2026-04-23 18:38:29] ол Боец 4: 2 урона от Слабый боец. HP 13/25
[2026-04-23 18:38:29] ло Боец 1: 2 урона от Слабый боец. HP 9/25
[2026-04-23 18:38:29] ол Боец 2: 2 урона от Слабый боец. HP 4/25
[2026-04-23 18:38:29] ло Боец 3: 2 урона от Слабый боец. HP 9/25
[2026-04-23 18:38:29] ол Боец 3: 2 урона от Слабый боец. HP 2/25
[2026-04-23 18:38:29] ло Боец 5: 2 урона от Слабый боец. HP 13/25
[2026-04-23 18:38:29] ол Боец 4: 2 урона от Слабый боец. HP 11/25
[2026-04-23 18:38:30] ол Боец 2: 2 урона от Слабый боец. HP 2/25
[2026-04-23 18:38:30] ло Боец 1: 2 урона от Слабый боец. HP 7/25
[2026-04-23 18:38:30] ол Боец 3: 2 урона от Слабый боец. HP 0/25
[2026-04-23 18:38:30] ол Боец 3 убит Слабый боец
[2026-04-23 18:38:30] ол Боец 4: 2 урона от Слабый боец. HP 9/25
[2026-04-23 18:38:30] ло Боец 5: 2 урона от Слабый боец. HP 11/25
[2026-04-23 18:38:31] ол Боец 2: 2 урона от Слабый боец. HP 0/25
[2026-04-23 18:38:31] ол Боец 2 убит Слабый боец
[2026-04-23 18:38:31] ло Боец 3: 2 урона от Слабый боец. HP 7/25
[2026-04-23 18:38:31] ол Боец 4: 2 урона от Слабый боец. HP 7/25
[2026-04-23 18:38:31] ол Боец 5: 2 урона от Слабый боец. HP 19/25
[2026-04-23 18:38:31] ло Боец 5: 2 урона от Слабый боец. HP 9/25
[2026-04-23 18:38:32] ло Боец 1: 2 урона от Слабый боец. HP 5/25
[2026-04-23 18:38:32] ол Боец 4: 2 урона от Слабый боец. HP 5/25
[2026-04-23 18:38:32] ол Боец 5: 2 урона от Слабый боец. HP 17/25
[2026-04-23 18:38:32] ло Боец 3: 2 урона от Слабый боец. HP 5/25
[2026-04-23 18:38:32] ло Боец 5: 2 урона от Слабый боец. HP 7/25
[2026-04-23 18:38:32] ол Боец 6: 2 урона от Слабый боец. HP 23/25
[2026-04-23 18:38:32] ло Боец 1: 2 урона от Слабый боец. HP 3/25
[2026-04-23 18:38:32] ол Боец 4: 2 урона от Слабый боец. HP 3/25
[2026-04-23 18:38:32] ол Боец 5: 2 урона от Слабый боец. HP 15/25
[2026-04-23 18:38:32] ло Боец 3: 2 урона от Слабый боец. HP 3/25
[2026-04-23 18:38:32] ол Боец 6: 2 урона от Слабый боец. HP 21/25
[2026-04-23 18:38:32] ло Боец 5: 2 урона от Слабый боец. HP 5/25
[2026-04-23 18:38:32] ол Боец 4: 2 урона от Слабый боец. HP 1/25
[2026-04-23 18:38:32] ло Боец 1: 2 урона от Слабый боец. HP 1/25
[2026-04-23 18:38:32] ло Боец 3: 2 урона от Слабый боец. HP 1/25
[2026-04-23 18:38:32] ол Боец 5: 2 урона от Слабый боец. HP 13/25
[2026-04-23 18:38:32] ол Боец 6: 2 урона от Слабый боец. HP 19/25
[2026-04-23 18:38:32] ло Боец 5: 2 урона от Слабый боец. HP 3/25
[2026-04-23 18:38:33] ло Боец 1: 2 урона от Слабый боец. HP 0/25
[2026-04-23 18:38:33] ло Боец 1 убит Слабый боец
[2026-04-23 18:38:33] ол Боец 5: 2 урона от Слабый боец. HP 11/25
[2026-04-23 18:38:33] ло Боец 3: 2 урона от Слабый боец. HP 0/25
[2026-04-23 18:38:33] ло Боец 3 убит Слабый боец
[2026-04-23 18:38:34] ол Боец 6: 2 урона от Слабый боец. HP 17/25
[2026-04-23 18:38:34] ло Боец 5: 2 урона от Слабый боец. HP 1/25
[2026-04-23 18:38:34] ло Боец 5: 2 урона от Слабый боец. HP 0/25
[2026-04-23 18:38:34] ло Боец 5 убит Слабый боец
[2026-04-23 18:43:25] Синяя Армия Боец 1: 1 урона от Лучник. HP 24/25
[2026-04-23 18:43:25] Красная Армия Боец 2: 7 урона от Слабый боец. HP 11/18
[2026-04-23 18:43:25] Красная Армия Боец 6: 1 урона от Сильный боец. HP 69/70
[2026-04-23 18:43:25] Красная Армия Боец 1: 1 урона от Слабый боец. HP 69/70
[2026-04-23 18:43:25] Синяя Армия Боец 6: 1 урона от Лучник. HP 59/60
[2026-04-23 18:43:25] Синяя Армия Боец 1: 4 урона от Лучник. HP 20/25
[2026-04-24 12:23:51] квал Боец 9: 1 урона от Маг. HP 24/25
[2026-04-24 12:23:51] зще Боец 7: 6 урона от Слабый боец. HP 16/22
[2026-04-24 12:23:51] зще Боец 4: 8 урона от Слабый боец. HP 7/15
[2026-04-24 12:23:51] квал Боец 11: 1 урона от Лекарь. HP 24/25
[2026-04-24 12:23:51] зще Боец 2: 2 урона от Лучник. HP 16/18
[2026-04-24 12:23:51] квал Боец 8: 2 урона от Лучник. HP 16/18
[2026-04-24 12:23:51] зще Боец 1: 1 урона от Слабый боец. HP 69/70
[2026-04-24 12:23:51] зще Боец 3: 1 урона от Маг. HP 24/25
[2026-04-24 12:23:51] квал Боец 2: 6 урона от Слабый боец. HP 16/22
[2026-04-24 12:23:51] зще Боец 5: 6 урона от Слабый боец. HP 16/22
[2026-04-24 12:23:51] квал Боец 6: 1 урона от Маг. HP 24/25
[2026-04-24 12:23:51] зще Боец 10: 1 урона от Лучник. HP 21/22
[2026-04-24 12:23:51] квал Боец 4: 4 урона от Маг. HP 14/18
[2026-04-24 12:23:51] зще Боец 9: 7 урона от Слабый боец. HP 11/18
[2026-04-24 12:23:51] квал Боец 12: 1 урона от Лучник. HP 24/25
[2026-04-24 12:23:51] квал Боец 5: 1 урона от Маг. HP 24/25
[2026-04-24 12:23:51] зще Боец 6: 6 урона от Слабый боец. HP 16/22
[2026-04-24 12:23:51] квал Боец 1: 1 урона от Маг. HP 69/70
[2026-04-24 12:23:51] зще Боец 1: 1 урона от Лучник. HP 68/70
[2026-04-24 12:24:18] квал Боец 9: 1 урона от Маг. HP 23/25
[2026-04-24 12:24:18] зще Боец 7: 6 урона от Слабый боец. HP 10/22
[2026-04-24 12:24:18] квал Боец 11: 1 урона от Лекарь. HP 23/25
[2026-04-24 12:24:18] зще Боец 4: 8 урона от Слабый боец. HP 0/15
[2026-04-24 12:24:18] зще Боец 4 убит Слабый боец
[2026-04-24 12:24:19] квал Боец 8: 2 урона от Лучник. HP 14/18
[2026-04-24 12:24:19] зще Боец 2: 2 урона от Лучник. HP 14/18
[2026-04-24 12:24:19] зще Боец 1: 1 урона от Слабый боец. HP 67/70
[2026-04-24 12:24:19] квал Боец 2: 6 урона от Слабый боец. HP 10/22
[2026-04-24 12:24:19] зще Боец 3: 1 урона от Маг. HP 23/25
[2026-04-24 12:24:19] квал Боец 6: 1 урона от Маг. HP 23/25
[2026-04-24 12:24:19] зще Боец 5: 6 урона от Слабый боец. HP 10/22
[2026-04-24 12:24:19] квал Боец 4: 4 урона от Маг. HP 10/18
[2026-04-24 12:24:19] зще Боец 10: 1 урона от Лучник. HP 20/22
[2026-04-24 12:24:19] зще Боец 9: 7 урона от Слабый боец. HP 4/18
[2026-04-24 12:24:19] квал Боец 12: 1 урона от Лучник. HP 23/25
[2026-04-24 12:24:19] зще Боец 6: 6 урона от Слабый боец. HP 10/22
[2026-04-24 12:24:19] квал Боец 5: 1 урона от Маг. HP 23/25
[2026-04-24 12:24:19] квал Боец 1: 1 урона от Маг. HP 68/70
[2026-04-24 12:24:19] зще Боец 2: 9 урона от Лучник. HP 5/18
[2026-04-24 12:24:32] квал Боец 9: 1 урона от Маг. HP 22/25
[2026-04-24 12:24:32] зще Боец 7: 6 урона от Слабый боец. HP 4/22
[2026-04-24 12:24:32] квал Боец 11: 1 урона от Лучник. HP 22/25
[2026-04-24 12:24:32] зще Боец 2: 7 урона от Слабый боец. HP 0/18
[2026-04-24 12:24:32] зще Боец 2 убит Слабый боец
[2026-04-24 12:24:33] зще Боец 1: 1 урона от Лучник. HP 66/70
[2026-04-24 12:24:33] зще Боец 3: 2 урона от Слабый боец. HP 21/25
[2026-04-24 12:24:33] квал Боец 10: 2 урона от Слабый боец. HP 23/25
[2026-04-24 12:24:33] квал Боец 2: 3 урона от Маг. HP 7/22
[2026-04-24 12:24:33] зще Боец 5: 3 урона от Маг. HP 7/22
[2026-04-24 12:24:33] зще Боец 10: 6 урона от Слабый боец. HP 14/22
[2026-04-24 12:24:33] квал Боец 6: 1 урона от Маг. HP 22/25
[2026-04-24 12:24:33] квал Боец 4: 2 урона от Лучник. HP 8/18
[2026-04-24 12:24:33] зще Боец 9: 2 урона от Лучник. HP 2/18
[2026-04-24 12:24:33] зще Боец 6: 6 урона от Слабый боец. HP 4/22
[2026-04-24 12:24:33] квал Боец 12: 1 урона от Маг. HP 22/25
[2026-04-24 12:24:33] зще Боец 8: 6 урона от Слабый боец. HP 16/22
[2026-04-24 12:24:33] квал Боец 5: 1 урона от Маг. HP 22/25
[2026-04-24 12:24:33] зще Боец 7: 8 урона от Лучник. HP 0/22
[2026-04-24 12:24:33] зще Боец 7 убит Лучник
[2026-04-24 12:24:44] зще Боец 1: 1 урона от Слабый боец. HP 65/70
[2026-04-24 12:24:44] квал Боец 11: 2 урона от Слабый боец. HP 20/25
[2026-04-24 12:24:44] зще Боец 3: 2 урона от Слабый боец. HP 19/25
[2026-04-24 12:24:44] зще Боец 5: 1 урона от Лучник. HP 6/22
[2026-04-24 12:24:44] квал Боец 8: 4 урона от Маг. HP 10/18
[2026-04-24 12:24:44] зще Боец 10: 6 урона от Слабый боец. HP 8/22
[2026-04-24 12:24:44] квал Боец 10: 1 урона от Маг. HP 22/25
[2026-04-24 12:24:44] зще Боец 9: 4 урона от Маг. HP 0/18
[2026-04-24 12:24:44] зще Боец 9 убит Маг
[2026-04-24 12:24:45] квал Боец 6: 1 урона от Маг. HP 21/25
[2026-04-24 12:24:45] зще Боец 6: 6 урона от Слабый боец. HP 0/22
[2026-04-24 12:24:45] зще Боец 6 убит Слабый боец
[2026-04-24 12:24:45] квал Боец 4: 4 урона от Маг. HP 4/18
[2026-04-24 12:24:45] зще Боец 8: 1 урона от Лучник. HP 15/22
[2026-04-24 12:24:45] зще Боец 1: 1 урона от Лучник. HP 64/70
[2026-04-24 12:25:20] зще Боец 1: 1 урона от Слабый боец. HP 63/70
[2026-04-24 12:25:20] зще Боец 3: 2 урона от Слабый боец. HP 17/25
[2026-04-24 12:25:20] квал Боец 11: 2 урона от Слабый боец. HP 18/25
[2026-04-24 12:25:20] квал Боец 8: 4 урона от Маг. HP 6/18
[2026-04-24 12:25:20] зще Боец 5: 1 урона от Лучник. HP 5/22
[2026-04-24 12:25:20] зще Боец 5: 8 урона от Лучник. HP 0/22
[2026-04-24 12:25:20] зще Боец 5 убит Лучник
[2026-04-24 12:25:20] зще Боец 1: 1 урона от Лучник. HP 62/70
[2026-04-24 12:25:20] зще Боец 1: 1 урона от Лучник. HP 61/70
[2026-04-24 12:25:20] зще Боец 10: 8 урона от Лучник. HP 0/22
[2026-04-24 12:25:20] зще Боец 10 убит Лучник
[2026-04-24 12:25:21] зще Боец 1: 1 урона от Лучник. HP 60/70
[2026-04-24 12:25:21] зще Боец 3: 4 урона от Лучник. HP 13/25
[2026-04-24 12:25:21] зще Боец 1: 1 урона от Лучник. HP 59/70
[2026-04-24 12:25:21] зще Боец 1: 1 урона от Лучник. HP 58/70
[2026-04-24 12:25:22] зще Боец 1: 1 урона от Слабый боец. HP 57/70
[2026-04-24 12:25:22] зще Боец 3: 2 урона от Слабый боец. HP 11/25
[2026-04-24 12:25:22] квал Боец 11: 2 урона от Слабый боец. HP 16/25
[2026-04-24 12:25:23] зще Боец 1: 1 урона от Лучник. HP 56/70
[2026-04-24 12:25:23] зще Боец 3: 4 урона от Лучник. HP 7/25
[2026-04-24 12:25:23] зще Боец 1: 1 урона от Лучник. HP 55/70
[2026-04-24 12:25:23] зще Боец 3: 4 урона от Лучник. HP 3/25
[2026-04-24 12:25:23] зще Боец 1: 1 урона от Слабый боец. HP 54/70
[2026-04-24 12:25:23] зще Боец 3: 2 урона от Слабый боец. HP 1/25
[2026-04-24 12:25:23] квал Боец 11: 2 урона от Слабый боец. HP 14/25
[2026-04-24 12:25:23] зще Боец 3: 4 урона от Лучник. HP 0/25
[2026-04-24 12:25:23] зще Боец 3 убит Лучник
[2026-04-24 12:25:24] зще Боец 1: 1 урона от Лучник. HP 53/70
[2026-04-24 12:25:24] зще Боец 1: 1 урона от Лучник. HP 52/70
[2026-04-24 12:25:24] зще Боец 1: 1 урона от Лучник. HP 51/70
[2026-04-24 12:25:24] зще Боец 1: 1 урона от Лучник. HP 50/70
[2026-04-24 12:25:24] зще Боец 1: 1 урона от Слабый боец. HP 49/70
[2026-04-24 12:25:24] зще Боец 1: 1 урона от Лучник. HP 48/70
[2026-04-24 12:25:24] зще Боец 1: 1 урона от Лучник. HP 47/70
[2026-04-24 12:25:24] зще Боец 1: 1 урона от Лучник. HP 46/70
[2026-04-24 12:25:24] зще Боец 1: 1 урона от Лучник. HP 45/70
[2026-04-24 12:25:24] зще Боец 1: 1 урона от Лучник. HP 44/70
[2026-04-24 12:25:24] зще Боец 1: 1 урона от Лучник. HP 43/70
[2026-04-24 12:25:24] зще Боец 1: 1 урона от Слабый боец. HP 42/70
[2026-04-24 12:25:24] зще Боец 1: 1 урона от Лучник. HP 41/70
[2026-04-24 12:25:24] зще Боец 8: 8 урона от Лучник. HP 7/22
[2026-04-24 12:25:24] зще Боец 1: 1 урона от Лучник. HP 40/70
[2026-04-24 12:25:24] зще Боец 1: 1 урона от Лучник. HP 39/70
[2026-04-24 12:25:24] зще Боец 1: 1 урона от Лучник. HP 38/70
[2026-04-24 12:25:24] зще Боец 1: 1 урона от Лучник. HP 37/70
[2026-04-24 12:25:25] зще Боец 1: 1 урона от Слабый боец. HP 36/70
[2026-04-24 12:25:25] зще Боец 1: 1 урона от Лучник. HP 35/70
[2026-04-24 12:25:25] зще Боец 1: 1 урона от Лучник. HP 34/70
[2026-04-24 12:25:25] зще Боец 8: 8 урона от Лучник. HP 0/22
[2026-04-24 12:25:25] зще Боец 8 убит Лучник
[2026-04-24 12:25:25] зще Боец 1: 1 урона от Лучник. HP 33/70
[2026-04-24 12:25:25] зще Боец 1: 1 урона от Лучник. HP 32/70
[2026-04-24 12:25:25] зще Боец 1: 1 урона от Лучник. HP 31/70
[2026-04-24 12:25:26] зще Боец 1: 1 урона от Слабый боец. HP 30/70
[2026-04-24 12:25:26] зще Боец 1: 1 урона от Лучник. HP 29/70
[2026-04-24 12:25:26] зще Боец 1: 1 урона от Лучник. HP 28/70
[2026-04-24 12:25:26] зще Боец 1: 1 урона от Лучник. HP 27/70
[2026-04-24 12:25:26] зще Боец 1: 1 урона от Лучник. HP 26/70
[2026-04-24 12:25:26] зще Боец 1: 1 урона от Лучник. HP 25/70
[2026-04-24 12:25:26] зще Боец 1: 1 урона от Лучник. HP 24/70
[2026-04-24 12:25:26] зще Боец 1: 1 урона от Слабый боец. HP 23/70
[2026-04-24 12:25:26] зще Боец 1: 1 урона от Лучник. HP 22/70
[2026-04-24 12:25:26] зще Боец 1: 1 урона от Лучник. HP 21/70
[2026-04-24 12:25:26] зще Боец 1: 1 урона от Лучник. HP 20/70
[2026-04-24 12:25:26] зще Боец 1: 1 урона от Лучник. HP 19/70
[2026-04-24 12:25:26] зще Боец 1: 1 урона от Лучник. HP 18/70
[2026-04-24 12:25:26] зще Боец 1: 1 урона от Лучник. HP 17/70
[2026-04-24 12:25:27] зще Боец 1: 1 урона от Слабый боец. HP 16/70
[2026-04-24 12:25:27] зще Боец 1: 1 урона от Лучник. HP 15/70
[2026-04-24 12:25:27] зще Боец 1: 1 урона от Лучник. HP 14/70
[2026-04-24 12:25:27] зще Боец 1: 1 урона от Лучник. HP 13/70
[2026-04-24 12:25:27] зще Боец 1: 1 урона от Лучник. HP 12/70
[2026-04-24 12:25:27] зще Боец 1: 1 урона от Лучник. HP 11/70
[2026-04-24 12:25:27] зще Боец 1: 1 урона от Лучник. HP 10/70
[2026-04-24 12:25:27] зще Боец 1: 1 урона от Слабый боец. HP 9/70
[2026-04-24 12:25:27] зще Боец 1: 1 урона от Лучник. HP 8/70
[2026-04-24 12:25:27] зще Боец 1: 1 урона от Лучник. HP 7/70
[2026-04-24 12:25:27] зще Боец 1: 1 урона от Лучник. HP 6/70
[2026-04-24 12:25:27] зще Боец 1: 1 урона от Лучник. HP 5/70
[2026-04-24 12:25:27] зще Боец 1: 1 урона от Лучник. HP 4/70
[2026-04-24 12:25:27] зще Боец 1: 1 урона от Лучник. HP 3/70
[2026-04-24 12:25:28] зще Боец 1: 1 урона от Слабый боец. HP 2/70
[2026-04-24 12:25:28] зще Боец 1: 1 урона от Лучник. HP 1/70
[2026-04-24 12:25:28] зще Боец 1: 1 урона от Лучник. HP 0/70
[2026-04-24 12:25:28] зще Боец 1 убит Лучник
[2026-04-25 17:41:29] бараш Боец 4: 1 урона от Сильный боец. HP 69/70
[2026-04-25 17:41:29] крош Боец 2: 1 урона от Маг. HP 59/60
[2026-04-25 17:41:29] бараш Боец 3: 16 урона от Сильный боец. HP 6/22
[2026-04-25 17:41:29] бараш Боец 2: 16 урона от Сильный боец. HP 6/22
[2026-04-25 17:41:29] крош Боец 3: 1 урона от Маг. HP 59/60
[2026-04-25 17:41:30] бараш Боец 7: 16 урона от Сильный боец. HP 6/22
[2026-04-25 17:41:30] крош Боец 4: 1 урона от Маг. HP 59/60
[2026-04-25 17:41:30] бараш Боец 8: 17 урона от Сильный боец. HP 1/18
[2026-04-25 17:41:30] крош Боец 5: 1 урона от Лучник. HP 59/60
[2026-04-25 17:41:30] бараш Боец 9: 3 урона от Маг. HP 19/22
[2026-04-25 17:41:30] крош Боец 6: 3 урона от Маг. HP 19/22
[2026-04-25 17:41:30] бараш Боец 5: 1 урона от Маг. HP 69/70
[2026-04-25 17:41:30] бараш Боец 6: 8 урона от Слабый боец. HP 7/15
[2026-04-25 17:41:30] крош Боец 8: 1 урона от Лекарь. HP 24/25
[2026-04-25 17:41:30] крош Боец 9: 1 урона от Лекарь. HP 24/25
[2026-04-25 17:41:30] бараш Боец 1: 8 урона от Слабый боец. HP 7/15
[2026-04-25 17:41:31] бараш Боец 4: 1 урона от Сильный боец. HP 68/70
[2026-04-25 17:41:31] бараш Боец 3: 16 урона от Сильный боец. HP 0/22
[2026-04-25 17:41:31] бараш Боец 3 убит Сильный боец
[2026-04-25 17:41:31] бараш Боец 2: 16 урона от Сильный боец. HP 0/22
[2026-04-25 17:41:31] бараш Боец 2 убит Сильный боец
[2026-04-25 17:41:32] крош Боец 4: 1 урона от Маг. HP 58/60
[2026-04-25 17:41:32] бараш Боец 7: 16 урона от Сильный боец. HP 0/22
[2026-04-25 17:41:32] бараш Боец 7 убит Сильный боец
[2026-04-25 17:41:32] крош Боец 5: 1 урона от Лучник. HP 58/60
[2026-04-25 17:41:32] бараш Боец 8: 17 урона от Сильный боец. HP 0/18
[2026-04-25 17:41:32] бараш Боец 8 убит Сильный боец
[2026-04-25 17:41:33] крош Боец 6: 3 урона от Маг. HP 16/22
[2026-04-25 17:41:33] бараш Боец 9: 3 урона от Маг. HP 16/22
[2026-04-25 17:41:33] бараш Боец 5: 1 урона от Маг. HP 68/70
[2026-04-25 17:41:33] крош Боец 8: 1 урона от Лекарь. HP 23/25
[2026-04-25 17:41:33] бараш Боец 6: 8 урона от Слабый боец. HP 0/15
[2026-04-25 17:41:33] бараш Боец 6 убит Слабый боец
[2026-04-25 17:41:33] крош Боец 9: 1 урона от Лекарь. HP 23/25
[2026-04-25 17:41:33] бараш Боец 1: 8 урона от Слабый боец. HP 0/15
[2026-04-25 17:41:33] бараш Боец 1 убит Слабый боец
[2026-04-25 17:41:40] бараш Боец 4: 1 урона от Сильный боец. HP 67/70
[2026-04-25 17:41:40] крош Боец 2: 1 урона от Маг. HP 58/60
[2026-04-25 17:41:40] бараш Боец 9: 16 урона от Сильный боец. HP 0/22
[2026-04-25 17:41:40] бараш Боец 9 убит Сильный боец
[2026-04-25 17:41:41] бараш Боец 5: 1 урона от Сильный боец. HP 67/70
[2026-04-25 17:42:28] бараш Боец 4: 1 урона от Сильный боец. HP 66/70
[2026-04-25 17:42:28] бараш Боец 5: 1 урона от Сильный боец. HP 66/70
[2026-04-25 17:44:42] бараш Боец 4: 1 урона от Сильный боец. HP 65/70
[2026-04-25 17:44:42] бараш Боец 5: 1 урона от Сильный боец. HP 65/70
