[2026-03-25 18:21:54] таааа  2: 1 урона от Лекарь. HP 21/22
[2026-03-25 18:22:02] дааааа  4: 5 урона от Маг. HP 10/15
[2026-03-25 18:22:02] таааа  2: 8 урона от Лучник. HP 13/22
[2026-03-25 18:22:10] таааа  2: 1 урона от Лекарь. HP 12/22
[2026-03-25 18:22:12] дааааа  4: 5 урона от Маг. HP 5/15
[2026-03-25 18:22:12] таааа  3: 4 урона от Лучник. HP 21/25
[2026-03-25 18:22:14] таааа  2: 1 урона от Лекарь. HP 11/22
[2026-03-25 18:22:29] дааааа  4: 5 урона от Маг. HP 0/15
[2026-03-25 18:22:32] таааа  2: 1 урона от Лучник. HP 10/22
[2026-03-25 18:31:44] ло  3: 8 урона от Слабый боец. HP 7/15
[2026-03-25 18:31:44] до  3: 1 урона от Лекарь. HP 24/25
[2026-03-25 18:31:44] ло  3: 8 урона от Слабый боец. HP 0/15
[2026-03-25 18:31:46] ло  5: 12 урона от Сильный боец. HP 13/25
[2026-03-25 18:31:46] до  1: 1 урона от Слабый боец. HP 59/60
[2026-03-25 18:31:46] ло  5: 12 урона от Сильный боец. HP 1/25
[2026-03-25 18:31:46] до  1: 1 урона от Слабый боец. HP 58/60
[2026-03-25 18:31:46] ло  5: 12 урона от Сильный боец. HP 0/25
[2026-03-27 13:38:33] ро  2: 1 урона от Маг. HP 59/60
[2026-03-27 13:38:33] ро  1: 10 урона от Лучник. HP 5/15
[2026-03-27 13:38:33] ро  2: 1 урона от Лучник. HP 58/60
[2026-03-27 13:38:33] ро  5: 1 урона от Лучник. HP 59/60
[2026-03-27 13:38:33] пм  2: 10 урона от Лучник. HP 5/15
[2026-03-27 13:38:46] пм  1: 16 урона от Сильный боец. HP 6/22
[2026-03-27 13:38:46] ро  8: 8 урона от Лучник. HP 14/22
[2026-03-27 13:38:46] ро  7: 4 урона от Лучник. HP 21/25
[2026-03-27 13:38:46] ро  3: 9 урона от Лучник. HP 9/18
[2026-03-27 13:38:46] пм  1: 8 урона от Лучник. HP 0/22
[2026-03-27 13:38:46] ро  2: 1 урона от Маг. HP 57/60
[2026-03-27 13:38:58] пм  11: 7 урона от Слабый боец. HP 11/18
[2026-03-27 13:38:58] ро  2: 1 урона от Лучник. HP 56/60
[2026-03-27 13:38:58] ро  9: 10 урона от Лучник. HP 5/15
[2026-03-27 13:38:58] пм  4: 9 урона от Лучник. HP 9/18
[2026-03-27 13:39:00] ро  4: 1 урона от Лучник. HP 24/25
[2026-03-27 13:39:00] ро  8: 8 урона от Лучник. HP 6/22
[2026-03-27 13:39:00] ро  6: 1 урона от Лучник. HP 59/60
[2026-03-27 13:39:00] пм  11: 9 урона от Лучник. HP 2/18
[2026-03-27 13:39:01] пм  11: 7 урона от Слабый боец. HP 0/18
[2026-03-27 13:39:01] ро  6: 1 урона от Лучник. HP 58/60
[2026-03-27 13:39:01] пм  4: 9 урона от Лучник. HP 0/18
[2026-03-29 00:54:00] 89888  1: 1 урона от Лекарь. HP 21/22
[2026-03-29 00:54:00] 0008  1: 10 урона от Лучник. HP 5/15
[2026-03-29 00:54:00] 0008  11: 4 урона от Лучник. HP 21/25
[2026-03-29 00:54:00] 0008  1: 10 урона от Лучник. HP 0/15
[2026-03-29 00:54:06] 0008  4: 5 урона от Маг. HP 10/15
[2026-03-29 00:54:06] 0008  11: 4 урона от Лучник. HP 17/25
[2026-03-29 00:54:06] 0008  9: 1 урона от Лучник. HP 59/60
[2026-03-29 00:54:06] 0008  4: 10 урона от Лучник. HP 0/15
[2026-03-29 00:54:08] 89888  1: 1 урона от Лекарь. HP 20/22
[2026-03-29 00:54:08] 0008  4: 5 урона от Маг. HP 0/15
[2026-03-29 00:54:08] 0008  6: 8 урона от Лучник. HP 14/22
[2026-03-29 00:54:08] 0008  8: 8 урона от Лучник. HP 14/22
[2026-03-29 00:54:08] 0008  9: 1 урона от Лучник. HP 58/60
[2026-03-29 00:54:09] 89888  1: 16 урона от Сильный боец. HP 4/22
[2026-03-29 00:54:09] 0008  9: 1 урона от Лучник. HP 57/60
[2026-03-29 00:54:09] 0008  10: 8 урона от Лучник. HP 14/22
[2026-03-29 00:54:09] 0008  9: 1 урона от Лучник. HP 56/60
[2026-03-29 00:54:10] 0008  9: 1 урона от Маг. HP 55/60
[2026-03-29 00:54:10] 0008  2: 4 урона от Лучник. HP 21/25
[2026-03-29 00:54:10] 0008  9: 1 урона от Лучник. HP 54/60
[2026-03-29 00:54:10] 0008  6: 8 урона от Лучник. HP 6/22
[2026-03-29 00:54:10] 89888  1: 16 урона от Сильный боец. HP 0/22
[2026-03-29 00:54:10] 0008  10: 8 урона от Лучник. HP 6/22
[2026-03-29 00:54:10] 0008  10: 8 урона от Лучник. HP 0/22
[2026-03-29 01:01:07] 45  3: 3 урона от Лучник. HP 12/15
[2026-03-29 01:01:07] 54  5: 9 урона от Лучник. HP 9/18
[2026-03-29 01:01:07] 45  6: 9 урона от Лучник. HP 9/18
[2026-03-29 01:01:39] 54  5: 1 урона от Лекарь. HP 8/18
[2026-03-29 01:01:39] 54  5: 9 урона от Лучник. HP 0/18
[2026-03-29 01:01:40] 45  3: 3 урона от Лучник. HP 9/15
[2026-03-29 01:01:42] 54  5: 1 урона от Лекарь. HP 0/18
[2026-03-29 01:01:42] 54  4: 4 урона от Лучник. HP 21/25
[2026-03-29 01:01:42] 45  3: 10 урона от Лучник. HP 0/15
[2026-03-29 01:01:55] 45  2: 3 урона от Маг. HP 19/22
[2026-03-29 01:01:55] 54  4: 4 урона от Лучник. HP 17/25
[2026-03-29 01:01:55] 45  5: 8 урона от Лучник. HP 14/22
[2026-03-29 01:01:57] 54  3: 3 урона от Маг. HP 19/22
[2026-03-29 01:01:57] 54  3: 8 урона от Лучник. HP 11/22
[2026-03-29 01:01:57] 45  2: 8 урона от Лучник. HP 11/22
[2026-03-29 01:02:00] 45  2: 3 урона от Маг. HP 8/22
[2026-03-29 01:02:00] 54  9: 9 урона от Лучник. HP 9/18
[2026-03-29 01:02:00] 45  2: 8 урона от Лучник. HP 0/22
[2026-03-29 01:02:02] 54  3: 3 урона от Маг. HP 8/22
[2026-03-29 01:02:05] 45  2: 3 урона от Маг. HP 0/22
[2026-03-29 01:02:05] 45  5: 8 урона от Лучник. HP 6/22
[2026-03-29 01:02:06] 54  3: 1 урона от Лучник. HP 7/22
[2026-03-29 01:02:06] 45  5: 8 урона от Лучник. HP 0/22
[2026-03-29 01:13:04] 444444  2: 1 урона от Лекарь. HP 24/25
